<?xml version="1.0" encoding="UTF-8"?>
<testsuite name="TestSuite" time="0.035" tests="2" errors="0" skipped="0" failures="1">
  <properties>
[...]
</properties>
  <testcase name="success_test_01" classname="testCase.HelloTestNG" time="0.02"/>
  <testcase name="success_test_02" classname="testCase.HelloTestNG" time="0.015">
    <failure message="expected [2] but found [1]" type="java.lang.AssertionError">java.lang.AssertionError: expected [2] but found [1]
	at org.testng.Assert.fail(Assert.java:94)
	at org.testng.Assert.failNotEquals(Assert.java:513)
	at org.testng.Assert.assertEqualsImpl(Assert.java:135)
	at org.testng.Assert.assertEquals(Assert.java:116)
	at org.testng.Assert.assertEquals(Assert.java:389)
	at org.testng.Assert.assertEquals(Assert.java:399)
	at testCase.HelloTestNG.success_test_02(HelloTestNG.java:20)
</failure>
    <system-out><![CDATA[This is main test01!
]]></system-out>
  </testcase>
</testsuite>